<?xml version="1.0" encoding="UTF-8"?>
<testng-results ignored="0" total="4" passed="4" failed="0" skipped="0">
  <reporter-output>
  </reporter-output>
  <suite started-at="2018-09-26T18:44:40Z" name="Suite" finished-at="2018-09-26T18:44:46Z" duration-ms="6276">
    <groups>
    </groups>
    <test started-at="2018-09-26T18:44:40Z" name="CheckParallel1" finished-at="2018-09-26T18:44:44Z" duration-ms="3428">
      <class name="learnParallel.TestClassA">
        <test-method is-config="true" signature="setupTest(java.lang.String)[pri:0, instance:learnParallel.TestClassA@73e22a3d]" started-at="2018-09-26T18:44:40Z" name="setupTest" finished-at="2018-09-26T18:44:44Z" duration-ms="3390" status="PASS">
          <params>
            <param index="0">
              <value>
                <![CDATA[ie]]>
              </value>
            </param>
          </params>
          <reporter-output>
          </reporter-output>
        </test-method> <!-- setupTest -->
        <test-method signature="testMethod1()[pri:0, instance:learnParallel.TestClassA@73e22a3d]" started-at="2018-09-26T18:44:44Z" name="testMethod1" finished-at="2018-09-26T18:44:44Z" duration-ms="8" status="PASS">
          <reporter-output>
          </reporter-output>
        </test-method> <!-- testMethod1 -->
        <test-method signature="testMethod2()[pri:0, instance:learnParallel.TestClassA@73e22a3d]" started-at="2018-09-26T18:44:44Z" name="testMethod2" finished-at="2018-09-26T18:44:44Z" duration-ms="1" status="PASS">
          <reporter-output>
          </reporter-output>
        </test-method> <!-- testMethod2 -->
      </class> <!-- learnParallel.TestClassA -->
    </test> <!-- CheckParallel1 -->
    <test started-at="2018-09-26T18:44:40Z" name="CheckParallel2" finished-at="2018-09-26T18:44:46Z" duration-ms="6276">
      <class name="learnParallel.TestClassB">
        <test-method is-config="true" signature="setupTest(java.lang.String)[pri:0, instance:learnParallel.TestClassB@d5b810e]" started-at="2018-09-26T18:44:40Z" name="setupTest" finished-at="2018-09-26T18:44:46Z" duration-ms="6251" status="PASS">
          <params>
            <param index="0">
              <value>
                <![CDATA[firefox]]>
              </value>
            </param>
          </params>
          <reporter-output>
          </reporter-output>
        </test-method> <!-- setupTest -->
        <test-method signature="testMethod3()[pri:0, instance:learnParallel.TestClassB@d5b810e]" started-at="2018-09-26T18:44:46Z" name="testMethod3" finished-at="2018-09-26T18:44:46Z" duration-ms="7" status="PASS">
          <reporter-output>
          </reporter-output>
        </test-method> <!-- testMethod3 -->
        <test-method signature="testMethod4()[pri:0, instance:learnParallel.TestClassB@d5b810e]" started-at="2018-09-26T18:44:46Z" name="testMethod4" finished-at="2018-09-26T18:44:46Z" duration-ms="4" status="PASS">
          <reporter-output>
          </reporter-output>
        </test-method> <!-- testMethod4 -->
      </class> <!-- learnParallel.TestClassB -->
    </test> <!-- CheckParallel2 -->
  </suite> <!-- Suite -->
</testng-results>
